[0m00:23:49.875611 [debug] [MainThread]: Sending event: {'category': 'dbt', 'action': 'invocation', 'label': 'start', 'context': [<snowplow_tracker.self_describing_json.SelfDescribingJson object at 0x105548390>, <snowplow_tracker.self_describing_json.SelfDescribingJson object at 0x1055621d0>, <snowplow_tracker.self_describing_json.SelfDescribingJson object at 0x1055631d0>]}


============================== 00:23:49.879279 | 80698aef-2573-49d3-af79-bcbf891f2c96 ==============================
[0m00:23:49.879279 [info ] [MainThread]: Running with dbt=1.11.8
[0m00:23:49.879772 [debug] [MainThread]: running dbt with arguments {'no_print': 'None', 'quiet': 'False', 'warn_error_options': 'WarnErrorOptionsV2(error=[], warn=[], silence=[])', 'write_json': 'True', 'fail_fast': 'False', 'log_cache_events': 'False', 'log_path': 'logs', 'target_path': 'None', 'static_parser': 'True', 'log_format': 'default', 'use_colors': 'True', 'indirect_selection': 'eager', 'partial_parse': 'True', 'debug': 'False', 'send_anonymous_usage_stats': 'True', 'version_check': 'True', 'cache_selected_only': 'False', 'use_experimental_parser': 'False', 'introspect': 'True', 'printer_width': '80', 'empty': 'None', 'invocation_command': 'dbt init dbt', 'profiles_dir': '/Users/kaviyarasisankarapandiyan/.dbt', 'warn_error': 'None'}
[0m00:23:49.891436 [info ] [MainThread]: Creating dbt configuration folder at /Users/kaviyarasisankarapandiyan/.dbt
[0m00:26:15.505032 [debug] [MainThread]: Starter project path: /Users/kaviyarasisankarapandiyan/Downloads/2026Project/retail-intelligence-pipeline/venv/lib/python3.11/site-packages/dbt/include/starter_project
[0m00:26:15.523632 [info ] [MainThread]: 
Your new dbt project "retail_analytics" was created!

For more information on how to configure the profiles.yml file,
please consult the dbt documentation here:

  https://docs.getdbt.com/docs/configure-your-profile

One more thing:

Need help? Don't hesitate to reach out to us via GitHub issues or on Slack:

  https://community.getdbt.com/

Happy modeling!

[0m00:26:15.525979 [info ] [MainThread]: Setting up your profile.
[0m00:26:48.384733 [debug] [MainThread]: Snowflake adapter: Setting snowflake.connector to ERROR (file logging only)
[0m00:26:48.385354 [debug] [MainThread]: Snowflake adapter: Setting botocore to ERROR (file logging only)
[0m00:26:48.385643 [debug] [MainThread]: Snowflake adapter: Setting boto3 to ERROR (file logging only)
[0m00:29:24.883509 [info ] [MainThread]: Profile retail_analytics written to /Users/kaviyarasisankarapandiyan/.dbt/profiles.yml using target's profile_template.yml and your supplied values. Run 'dbt debug' to validate the connection.
[0m00:29:24.971034 [debug] [MainThread]: Resource report: {"command_name": "init", "command_success": true, "command_wall_clock_time": 335.16882, "process_in_blocks": "0", "process_kernel_time": 0.304983, "process_mem_max_rss": "126926848", "process_out_blocks": "0", "process_user_time": 1.222424}
[0m00:29:24.974892 [debug] [MainThread]: Command `dbt init` succeeded at 00:29:24.974434 after 335.17 seconds
[0m00:29:24.976245 [debug] [MainThread]: Sending event: {'category': 'dbt', 'action': 'invocation', 'label': 'end', 'context': [<snowplow_tracker.self_describing_json.SelfDescribingJson object at 0x1054eaf90>, <snowplow_tracker.self_describing_json.SelfDescribingJson object at 0x105549c10>, <snowplow_tracker.self_describing_json.SelfDescribingJson object at 0x100a3ef90>]}
[0m00:29:24.977119 [debug] [MainThread]: Flushing usage events
[0m00:29:25.676083 [debug] [MainThread]: An error was encountered while trying to flush usage events
[0m01:03:16.728601 [debug] [MainThread]: Sending event: {'category': 'dbt', 'action': 'invocation', 'label': 'start', 'context': [<snowplow_tracker.self_describing_json.SelfDescribingJson object at 0x1051468d0>, <snowplow_tracker.self_describing_json.SelfDescribingJson object at 0x10519ee50>, <snowplow_tracker.self_describing_json.SelfDescribingJson object at 0x10519fad0>]}


============================== 01:03:16.732408 | 8a2838de-1aad-4794-abfb-fc6d7ef1b295 ==============================
[0m01:03:16.732408 [info ] [MainThread]: Running with dbt=1.11.8
[0m01:03:16.732914 [debug] [MainThread]: running dbt with arguments {'quiet': 'False', 'use_colors': 'True', 'indirect_selection': 'eager', 'cache_selected_only': 'False', 'warn_error_options': 'WarnErrorOptionsV2(error=[], warn=[], silence=[])', 'log_path': 'logs', 'static_parser': 'True', 'use_experimental_parser': 'False', 'send_anonymous_usage_stats': 'True', 'profiles_dir': '/Users/kaviyarasisankarapandiyan/.dbt', 'partial_parse': 'True', 'write_json': 'True', 'warn_error': 'None', 'log_cache_events': 'False', 'invocation_command': 'dbt debug', 'log_format': 'default', 'target_path': 'None', 'debug': 'False', 'introspect': 'True', 'fail_fast': 'False', 'empty': 'None', 'version_check': 'True', 'printer_width': '80', 'no_print': 'None'}
[0m01:03:16.745435 [info ] [MainThread]: dbt version: 1.11.8
[0m01:03:16.745916 [info ] [MainThread]: python version: 3.11.5
[0m01:03:16.746253 [info ] [MainThread]: python path: /Users/kaviyarasisankarapandiyan/Downloads/2026Project/retail-intelligence-pipeline/venv/bin/python3.11
[0m01:03:16.746512 [info ] [MainThread]: os info: macOS-13.7.8-arm64-arm-64bit
[0m01:03:17.061621 [debug] [MainThread]: Snowflake adapter: Setting snowflake.connector to ERROR (file logging only)
[0m01:03:17.062186 [debug] [MainThread]: Snowflake adapter: Setting botocore to ERROR (file logging only)
[0m01:03:17.062471 [debug] [MainThread]: Snowflake adapter: Setting boto3 to ERROR (file logging only)
[0m01:03:17.107659 [info ] [MainThread]: Using profiles dir at /Users/kaviyarasisankarapandiyan/.dbt
[0m01:03:17.108009 [info ] [MainThread]: Using profiles.yml file at /Users/kaviyarasisankarapandiyan/.dbt/profiles.yml
[0m01:03:17.108267 [info ] [MainThread]: Using dbt_project.yml file at /Users/kaviyarasisankarapandiyan/Downloads/2026Project/retail-intelligence-pipeline/dbt_project.yml
[0m01:03:17.108737 [info ] [MainThread]: adapter type: snowflake
[0m01:03:17.109050 [info ] [MainThread]: adapter version: 1.11.4
[0m01:03:17.109301 [info ] [MainThread]: Configuration:
[0m01:03:17.109530 [info ] [MainThread]:   profiles.yml file [[32mOK found and valid[0m]
[0m01:03:17.109745 [info ] [MainThread]:   dbt_project.yml file [[31mERROR not found[0m]
[0m01:03:17.109962 [info ] [MainThread]: Required dependencies:
[0m01:03:17.110227 [debug] [MainThread]: Executing "git --help"
[0m01:03:17.126992 [debug] [MainThread]: STDOUT: "b"usage: git [-v | --version] [-h | --help] [-C <path>] [-c <name>=<value>]\n           [--exec-path[=<path>]] [--html-path] [--man-path] [--info-path]\n           [-p | --paginate | -P | --no-pager] [--no-replace-objects] [--no-lazy-fetch]\n           [--no-optional-locks] [--no-advice] [--bare] [--git-dir=<path>]\n           [--work-tree=<path>] [--namespace=<name>] [--config-env=<name>=<envvar>]\n           <command> [<args>]\n\nThese are common Git commands used in various situations:\n\nstart a working area (see also: git help tutorial)\n   clone      Clone a repository into a new directory\n   init       Create an empty Git repository or reinitialize an existing one\n\nwork on the current change (see also: git help everyday)\n   add        Add file contents to the index\n   mv         Move or rename a file, a directory, or a symlink\n   restore    Restore working tree files\n   rm         Remove files from the working tree and from the index\n\nexamine the history and state (see also: git help revisions)\n   bisect     Use binary search to find the commit that introduced a bug\n   diff       Show changes between commits, commit and working tree, etc\n   grep       Print lines matching a pattern\n   log        Show commit logs\n   show       Show various types of objects\n   status     Show the working tree status\n\ngrow, mark and tweak your common history\n   backfill   Download missing objects in a partial clone\n   branch     List, create, or delete branches\n   commit     Record changes to the repository\n   merge      Join two or more development histories together\n   rebase     Reapply commits on top of another base tip\n   reset      Reset current HEAD to the specified state\n   switch     Switch branches\n   tag        Create, list, delete or verify a tag object signed with GPG\n\ncollaborate (see also: git help workflows)\n   fetch      Download objects and refs from another repository\n   pull       Fetch from and integrate with another repository or a local branch\n   push       Update remote refs along with associated objects\n\n'git help -a' and 'git help -g' list available subcommands and some\nconcept guides. See 'git help <command>' or 'git help <concept>'\nto read about a specific subcommand or concept.\nSee 'git help git' for an overview of the system.\n""
[0m01:03:17.127709 [debug] [MainThread]: STDERR: "b''"
[0m01:03:17.127966 [info ] [MainThread]:  - git [[32mOK found[0m]

[0m01:03:17.128219 [info ] [MainThread]: Connection:
[0m01:03:17.128480 [info ] [MainThread]:   account: kcpmvhd-wy02966
[0m01:03:17.128690 [info ] [MainThread]:   user: KAVIYARASI
[0m01:03:17.128890 [info ] [MainThread]:   database: RETAIL_DB
[0m01:03:17.129084 [info ] [MainThread]:   warehouse: RETAIL_WH
[0m01:03:17.129286 [info ] [MainThread]:   role: ACCOUNTADMIN
[0m01:03:17.129483 [info ] [MainThread]:   schema: DBT
[0m01:03:17.129682 [info ] [MainThread]:   authenticator: None
[0m01:03:17.129884 [info ] [MainThread]:   oauth_client_id: None
[0m01:03:17.130081 [info ] [MainThread]:   query_tag: None
[0m01:03:17.130276 [info ] [MainThread]:   client_session_keep_alive: False
[0m01:03:17.130480 [info ] [MainThread]:   host: None
[0m01:03:17.130676 [info ] [MainThread]:   port: None
[0m01:03:17.131340 [info ] [MainThread]:   proxy_host: None
[0m01:03:17.131772 [info ] [MainThread]:   proxy_port: None
[0m01:03:17.132067 [info ] [MainThread]:   protocol: None
[0m01:03:17.132298 [info ] [MainThread]:   connect_retries: 1
[0m01:03:17.132513 [info ] [MainThread]:   connect_timeout: None
[0m01:03:17.132765 [info ] [MainThread]:   retry_on_database_errors: False
[0m01:03:17.133031 [info ] [MainThread]:   retry_all: False
[0m01:03:17.133246 [info ] [MainThread]:   insecure_mode: False
[0m01:03:17.133446 [info ] [MainThread]:   reuse_connections: True
[0m01:03:17.133654 [info ] [MainThread]:   s3_stage_vpce_dns_name: None
[0m01:03:17.133861 [info ] [MainThread]:   platform_detection_timeout_seconds: 0.0
[0m01:03:17.134375 [info ] [MainThread]: Registered adapter: snowflake=1.11.4
[0m01:03:17.291128 [debug] [MainThread]: Acquiring new snowflake connection 'debug'
[0m01:03:17.328236 [debug] [MainThread]: Using snowflake connection "debug"
[0m01:03:17.328542 [debug] [MainThread]: On debug: select 1 as id
[0m01:03:17.328779 [debug] [MainThread]: Opening a new connection, currently in state init
[0m01:03:19.001343 [debug] [MainThread]: SQL status: SUCCESS 1 in 1.672 seconds
[0m01:03:19.003720 [info ] [MainThread]:   Connection test: [[32mOK connection ok[0m]

[0m01:03:19.004571 [info ] [MainThread]: [31m1 check failed:[0m
[0m01:03:19.005098 [info ] [MainThread]: Project loading failed for the following reason:
 project path </Users/kaviyarasisankarapandiyan/Downloads/2026Project/retail-intelligence-pipeline/dbt_project.yml> not found

[0m01:03:19.009302 [debug] [MainThread]: Resource report: {"command_name": "debug", "command_success": false, "command_wall_clock_time": 2.335759, "process_in_blocks": "0", "process_kernel_time": 0.338591, "process_mem_max_rss": "152387584", "process_out_blocks": "0", "process_user_time": 1.379155}
[0m01:03:19.010379 [debug] [MainThread]: Command `dbt debug` failed at 01:03:19.010190 after 2.34 seconds
[0m01:03:19.011033 [debug] [MainThread]: Connection 'debug' was left open.
[0m01:03:19.011679 [debug] [MainThread]: On debug: Close
[0m01:03:19.224104 [debug] [MainThread]: Sending event: {'category': 'dbt', 'action': 'invocation', 'label': 'end', 'context': [<snowplow_tracker.self_describing_json.SelfDescribingJson object at 0x1051a7c50>, <snowplow_tracker.self_describing_json.SelfDescribingJson object at 0x1051a7d90>, <snowplow_tracker.self_describing_json.SelfDescribingJson object at 0x106414410>]}
[0m01:03:19.225623 [debug] [MainThread]: Flushing usage events
[0m01:03:19.915385 [debug] [MainThread]: An error was encountered while trying to flush usage events
